<?xml version="1.0" encoding="UTF-8"?>
<testng-results total="1" passed="1" failed="0" skipped="0">
  <reporter-output>
  </reporter-output>
  <suite started-at="2019-01-20T10:41:17Z" name="Default suite" finished-at="2019-01-20T10:42:01Z" duration-ms="44181">
    <groups>
    </groups>
    <test started-at="2019-01-20T10:41:17Z" name="Default test" finished-at="2019-01-20T10:42:01Z" duration-ms="44181">
      <class name="Testcases.ProfileTest">
        <test-method signature="testProfile()[pri:0, instance:Testcases.ProfileTest@17f7cd29]" started-at="2019-01-20T16:11:17Z" name="testProfile" finished-at="2019-01-20T16:12:01Z" duration-ms="44132" status="PASS">
          <reporter-output>
          </reporter-output>
        </test-method> <!-- testProfile -->
      </class> <!-- Testcases.ProfileTest -->
    </test> <!-- Default test -->
  </suite> <!-- Default suite -->
</testng-results>
